0 info it worked if it ends with ok 
1 verbose cli [ '/usr/bin/node',
1 verbose cli   '/usr/bin/npm',
1 verbose cli   'install',
1 verbose cli   'express-generator',
1 verbose cli   '-g' ]
2 info using npm@3.5.2
3 info using node@v8.10.0
4 silly loadCurrentTree Starting
5 silly install loadCurrentTree
6 silly install readGlobalPackageData
7 silly fetchPackageMetaData express-generator
8 silly fetchNamedPackageData express-generator
9 silly mapToRegistry name express-generator
10 silly mapToRegistry using default registry
11 silly mapToRegistry registry https://registry.npmjs.org/
12 silly mapToRegistry uri https://registry.npmjs.org/express-generator
13 verbose request uri https://registry.npmjs.org/express-generator
14 verbose request no auth needed
15 info attempt registry request try #1 at 6:01:20 PM
16 verbose request id be578d0f03970630
17 http request GET https://registry.npmjs.org/express-generator
18 http 200 https://registry.npmjs.org/express-generator
19 verbose headers { date: 'Tue, 18 Dec 2018 12:26:18 GMT',
19 verbose headers   'content-type': 'application/json',
19 verbose headers   'transfer-encoding': 'chunked',
19 verbose headers   connection: 'keep-alive',
19 verbose headers   'set-cookie':
19 verbose headers    [ '__cfduid=dd0471adc7f9047f495fbb7b31896c78c1545135978; expires=Wed, 18-Dec-19 12:26:18 GMT; path=/; domain=.registry.npmjs.org; HttpOnly' ],
19 verbose headers   'cf-cache-status': 'HIT',
19 verbose headers   'cache-control': 'max-age=300',
19 verbose headers   'cf-ray': '48b19df92a118aa9-BOM',
19 verbose headers   etag: 'W/"f36997297d3449ba47f531e6385577d9"',
19 verbose headers   'expect-ct': 'max-age=604800, report-uri="https://report-uri.cloudflare.com/cdn-cgi/beacon/expect-ct"',
19 verbose headers   'last-modified': 'Fri, 30 Nov 2018 16:32:43 GMT',
19 verbose headers   vary: 'accept-encoding, accept',
19 verbose headers   'x-amz-meta-rev': '166-50a06ef6f2f5b381009d91e72b46edc2',
19 verbose headers   server: 'cloudflare',
19 verbose headers   'content-encoding': 'gzip' }
20 silly get cb [ 200,
20 silly get   { date: 'Tue, 18 Dec 2018 12:26:18 GMT',
20 silly get     'content-type': 'application/json',
20 silly get     'transfer-encoding': 'chunked',
20 silly get     connection: 'keep-alive',
20 silly get     'set-cookie':
20 silly get      [ '__cfduid=dd0471adc7f9047f495fbb7b31896c78c1545135978; expires=Wed, 18-Dec-19 12:26:18 GMT; path=/; domain=.registry.npmjs.org; HttpOnly' ],
20 silly get     'cf-cache-status': 'HIT',
20 silly get     'cache-control': 'max-age=300',
20 silly get     'cf-ray': '48b19df92a118aa9-BOM',
20 silly get     etag: 'W/"f36997297d3449ba47f531e6385577d9"',
20 silly get     'expect-ct': 'max-age=604800, report-uri="https://report-uri.cloudflare.com/cdn-cgi/beacon/expect-ct"',
20 silly get     'last-modified': 'Fri, 30 Nov 2018 16:32:43 GMT',
20 silly get     vary: 'accept-encoding, accept',
20 silly get     'x-amz-meta-rev': '166-50a06ef6f2f5b381009d91e72b46edc2',
20 silly get     server: 'cloudflare',
20 silly get     'content-encoding': 'gzip' } ]
21 verbose get saving express-generator to /home/d3/.npm/registry.npmjs.org/express-generator/.cache.json
22 silly install normalizeTree
23 silly loadCurrentTree Finishing
24 silly loadIdealTree Starting
25 silly install loadIdealTree
26 silly cloneCurrentTree Starting
27 silly install cloneCurrentTreeToIdealTree
28 silly cloneCurrentTree Finishing
29 silly loadShrinkwrap Starting
30 silly install loadShrinkwrap
31 silly loadShrinkwrap Finishing
32 silly loadAllDepsIntoIdealTree Starting
33 silly install loadAllDepsIntoIdealTree
34 silly resolveWithNewModule express-generator@4.16.0 checking installable status
35 silly cache add args [ 'express-generator', null ]
36 verbose cache add spec express-generator
37 silly cache add parsed spec Result {
37 silly cache add   raw: 'express-generator',
37 silly cache add   scope: null,
37 silly cache add   name: 'express-generator',
37 silly cache add   rawSpec: '',
37 silly cache add   spec: 'latest',
37 silly cache add   type: 'tag' }
38 silly addNamed express-generator@latest
39 verbose addNamed "latest" is being treated as a dist-tag for express-generator
40 info addNameTag [ 'express-generator', 'latest' ]
41 silly mapToRegistry name express-generator
42 silly mapToRegistry using default registry
43 silly mapToRegistry registry https://registry.npmjs.org/
44 silly mapToRegistry uri https://registry.npmjs.org/express-generator
45 verbose addNameTag registry:https://registry.npmjs.org/express-generator not in flight; fetching
46 verbose get https://registry.npmjs.org/express-generator not expired, no request
47 silly addNameTag next cb for express-generator with tag latest
48 silly addNamed express-generator@4.16.0
49 verbose addNamed "4.16.0" is a plain semver version for express-generator
50 silly mapToRegistry name express-generator
51 silly mapToRegistry using default registry
52 silly mapToRegistry registry https://registry.npmjs.org/
53 silly mapToRegistry uri https://registry.npmjs.org/express-generator
54 verbose addRemoteTarball https://registry.npmjs.org/express-generator/-/express-generator-4.16.0.tgz not in flight; adding
55 verbose addRemoteTarball [ 'https://registry.npmjs.org/express-generator/-/express-generator-4.16.0.tgz',
55 verbose addRemoteTarball   '501f5f0a8b6087f122cdd3ebe183320649db4622' ]
56 info retry fetch attempt 1 at 6:01:20 PM
57 info attempt registry request try #1 at 6:01:20 PM
58 http fetch GET https://registry.npmjs.org/express-generator/-/express-generator-4.16.0.tgz
59 http fetch 200 https://registry.npmjs.org/express-generator/-/express-generator-4.16.0.tgz
60 silly fetchAndShaCheck shasum 501f5f0a8b6087f122cdd3ebe183320649db4622
61 verbose addTmpTarball /tmp/npm-25272-520f8789/registry.npmjs.org/express-generator/-/express-generator-4.16.0.tgz not in flight; adding
62 verbose addTmpTarball already have metadata; skipping unpack for express-generator@4.16.0
63 silly cache afterAdd express-generator@4.16.0
64 verbose afterAdd /home/d3/.npm/express-generator/4.16.0/package/package.json not in flight; writing
65 verbose afterAdd /home/d3/.npm/express-generator/4.16.0/package/package.json written
66 silly fetchNamedPackageData commander
67 silly mapToRegistry name commander
68 silly mapToRegistry using default registry
69 silly mapToRegistry registry https://registry.npmjs.org/
70 silly mapToRegistry uri https://registry.npmjs.org/commander
71 silly fetchNamedPackageData ejs
72 silly mapToRegistry name ejs
73 silly mapToRegistry using default registry
74 silly mapToRegistry registry https://registry.npmjs.org/
75 silly mapToRegistry uri https://registry.npmjs.org/ejs
76 silly fetchNamedPackageData minimatch
77 silly mapToRegistry name minimatch
78 silly mapToRegistry using default registry
79 silly mapToRegistry registry https://registry.npmjs.org/
80 silly mapToRegistry uri https://registry.npmjs.org/minimatch
81 silly fetchNamedPackageData mkdirp
82 silly mapToRegistry name mkdirp
83 silly mapToRegistry using default registry
84 silly mapToRegistry registry https://registry.npmjs.org/
85 silly mapToRegistry uri https://registry.npmjs.org/mkdirp
86 silly fetchNamedPackageData sorted-object
87 silly mapToRegistry name sorted-object
88 silly mapToRegistry using default registry
89 silly mapToRegistry registry https://registry.npmjs.org/
90 silly mapToRegistry uri https://registry.npmjs.org/sorted-object
91 verbose request uri https://registry.npmjs.org/commander
92 verbose request no auth needed
93 info attempt registry request try #1 at 6:01:20 PM
94 http request GET https://registry.npmjs.org/commander
95 verbose request uri https://registry.npmjs.org/ejs
96 verbose request no auth needed
97 info attempt registry request try #1 at 6:01:20 PM
98 http request GET https://registry.npmjs.org/ejs
99 verbose request uri https://registry.npmjs.org/mkdirp
100 verbose request no auth needed
101 info attempt registry request try #1 at 6:01:20 PM
102 http request GET https://registry.npmjs.org/mkdirp
103 verbose request uri https://registry.npmjs.org/sorted-object
104 verbose request no auth needed
105 info attempt registry request try #1 at 6:01:20 PM
106 http request GET https://registry.npmjs.org/sorted-object
107 verbose request uri https://registry.npmjs.org/minimatch
108 verbose request no auth needed
109 info attempt registry request try #1 at 6:01:20 PM
110 verbose etag W/"6e7e7da96df71be2863b8b8d1fcb5152"
111 verbose lastModified Sun, 27 May 2018 08:07:30 GMT
112 http request GET https://registry.npmjs.org/minimatch
113 http 304 https://registry.npmjs.org/minimatch
114 verbose headers { date: 'Tue, 18 Dec 2018 12:26:18 GMT',
114 verbose headers   connection: 'keep-alive',
114 verbose headers   'set-cookie':
114 verbose headers    [ '__cfduid=d4272ff53c657945d460d3e064dfa0e1a1545135978; expires=Wed, 18-Dec-19 12:26:18 GMT; path=/; domain=.registry.npmjs.org; HttpOnly' ],
114 verbose headers   'cf-cache-status': 'HIT',
114 verbose headers   'cache-control': 'max-age=300',
114 verbose headers   'cf-ray': '48b19dfade078aa3-BOM',
114 verbose headers   etag: '"6e7e7da96df71be2863b8b8d1fcb5152"',
114 verbose headers   'expect-ct': 'max-age=604800, report-uri="https://report-uri.cloudflare.com/cdn-cgi/beacon/expect-ct"',
114 verbose headers   'last-modified': 'Sun, 27 May 2018 08:07:30 GMT',
114 verbose headers   vary: 'accept-encoding, accept',
114 verbose headers   server: 'cloudflare' }
115 silly get cb [ 304,
115 silly get   { date: 'Tue, 18 Dec 2018 12:26:18 GMT',
115 silly get     connection: 'keep-alive',
115 silly get     'set-cookie':
115 silly get      [ '__cfduid=d4272ff53c657945d460d3e064dfa0e1a1545135978; expires=Wed, 18-Dec-19 12:26:18 GMT; path=/; domain=.registry.npmjs.org; HttpOnly' ],
115 silly get     'cf-cache-status': 'HIT',
115 silly get     'cache-control': 'max-age=300',
115 silly get     'cf-ray': '48b19dfade078aa3-BOM',
115 silly get     etag: '"6e7e7da96df71be2863b8b8d1fcb5152"',
115 silly get     'expect-ct': 'max-age=604800, report-uri="https://report-uri.cloudflare.com/cdn-cgi/beacon/expect-ct"',
115 silly get     'last-modified': 'Sun, 27 May 2018 08:07:30 GMT',
115 silly get     vary: 'accept-encoding, accept',
115 silly get     server: 'cloudflare' } ]
116 verbose etag https://registry.npmjs.org/minimatch from cache
117 verbose get saving minimatch to /home/d3/.npm/registry.npmjs.org/minimatch/.cache.json
118 silly resolveWithNewModule minimatch@3.0.4 checking installable status
119 silly cache add args [ 'minimatch@3.0.4', null ]
120 verbose cache add spec minimatch@3.0.4
121 silly cache add parsed spec Result {
121 silly cache add   raw: 'minimatch@3.0.4',
121 silly cache add   scope: null,
121 silly cache add   name: 'minimatch',
121 silly cache add   rawSpec: '3.0.4',
121 silly cache add   spec: '3.0.4',
121 silly cache add   type: 'version' }
122 silly addNamed minimatch@3.0.4
123 verbose addNamed "3.0.4" is a plain semver version for minimatch
124 silly mapToRegistry name minimatch
125 silly mapToRegistry using default registry
126 silly mapToRegistry registry https://registry.npmjs.org/
127 silly mapToRegistry uri https://registry.npmjs.org/minimatch
128 verbose addNameVersion registry:https://registry.npmjs.org/minimatch not in flight; fetching
129 verbose get https://registry.npmjs.org/minimatch not expired, no request
130 http 200 https://registry.npmjs.org/sorted-object
131 verbose headers { date: 'Tue, 18 Dec 2018 12:26:18 GMT',
131 verbose headers   'content-type': 'application/json; charset=UTF-8',
131 verbose headers   'transfer-encoding': 'chunked',
131 verbose headers   connection: 'keep-alive',
131 verbose headers   'set-cookie':
131 verbose headers    [ '__cfduid=d8961c2d3ef835c1f44b35c62aec23b101545135978; expires=Wed, 18-Dec-19 12:26:18 GMT; path=/; domain=.registry.npmjs.org; HttpOnly' ],
131 verbose headers   'cf-cache-status': 'HIT',
131 verbose headers   'cache-control': 'max-age=300',
131 verbose headers   'cf-ray': '48b19dfae9938a6d-BOM',
131 verbose headers   etag: 'W/"ea98145528816e58739d28c9c9bc4e4f"',
131 verbose headers   'expect-ct': 'max-age=604800, report-uri="https://report-uri.cloudflare.com/cdn-cgi/beacon/expect-ct"',
131 verbose headers   'last-modified': 'Sun, 27 May 2018 17:50:35 GMT',
131 verbose headers   vary: 'accept-encoding, accept',
131 verbose headers   server: 'cloudflare',
131 verbose headers   'content-encoding': 'gzip' }
132 silly get cb [ 200,
132 silly get   { date: 'Tue, 18 Dec 2018 12:26:18 GMT',
132 silly get     'content-type': 'application/json; charset=UTF-8',
132 silly get     'transfer-encoding': 'chunked',
132 silly get     connection: 'keep-alive',
132 silly get     'set-cookie':
132 silly get      [ '__cfduid=d8961c2d3ef835c1f44b35c62aec23b101545135978; expires=Wed, 18-Dec-19 12:26:18 GMT; path=/; domain=.registry.npmjs.org; HttpOnly' ],
132 silly get     'cf-cache-status': 'HIT',
132 silly get     'cache-control': 'max-age=300',
132 silly get     'cf-ray': '48b19dfae9938a6d-BOM',
132 silly get     etag: 'W/"ea98145528816e58739d28c9c9bc4e4f"',
132 silly get     'expect-ct': 'max-age=604800, report-uri="https://report-uri.cloudflare.com/cdn-cgi/beacon/expect-ct"',
132 silly get     'last-modified': 'Sun, 27 May 2018 17:50:35 GMT',
132 silly get     vary: 'accept-encoding, accept',
132 silly get     server: 'cloudflare',
132 silly get     'content-encoding': 'gzip' } ]
133 verbose get saving sorted-object to /home/d3/.npm/registry.npmjs.org/sorted-object/.cache.json
134 silly cache afterAdd minimatch@3.0.4
135 verbose afterAdd /home/d3/.npm/minimatch/3.0.4/package/package.json not in flight; writing
136 verbose afterAdd /home/d3/.npm/minimatch/3.0.4/package/package.json written
137 silly resolveWithNewModule sorted-object@2.0.1 checking installable status
138 silly cache add args [ 'sorted-object@2.0.1', null ]
139 verbose cache add spec sorted-object@2.0.1
140 silly cache add parsed spec Result {
140 silly cache add   raw: 'sorted-object@2.0.1',
140 silly cache add   scope: null,
140 silly cache add   name: 'sorted-object',
140 silly cache add   rawSpec: '2.0.1',
140 silly cache add   spec: '2.0.1',
140 silly cache add   type: 'version' }
141 silly addNamed sorted-object@2.0.1
142 verbose addNamed "2.0.1" is a plain semver version for sorted-object
143 silly mapToRegistry name sorted-object
144 silly mapToRegistry using default registry
145 silly mapToRegistry registry https://registry.npmjs.org/
146 silly mapToRegistry uri https://registry.npmjs.org/sorted-object
147 verbose addNameVersion registry:https://registry.npmjs.org/sorted-object not in flight; fetching
148 verbose get https://registry.npmjs.org/sorted-object not expired, no request
149 silly mapToRegistry name sorted-object
150 silly mapToRegistry using default registry
151 silly mapToRegistry registry https://registry.npmjs.org/
152 silly mapToRegistry uri https://registry.npmjs.org/sorted-object
153 verbose addRemoteTarball https://registry.npmjs.org/sorted-object/-/sorted-object-2.0.1.tgz not in flight; adding
154 verbose addRemoteTarball [ 'https://registry.npmjs.org/sorted-object/-/sorted-object-2.0.1.tgz',
154 verbose addRemoteTarball   '7d631f4bd3a798a24af1dffcfbfe83337a5df5fc' ]
155 info retry fetch attempt 1 at 6:01:20 PM
156 info attempt registry request try #1 at 6:01:20 PM
157 http fetch GET https://registry.npmjs.org/sorted-object/-/sorted-object-2.0.1.tgz
158 http 200 https://registry.npmjs.org/ejs
159 verbose headers { date: 'Tue, 18 Dec 2018 12:26:18 GMT',
159 verbose headers   'content-type': 'application/json; charset=UTF-8',
159 verbose headers   'transfer-encoding': 'chunked',
159 verbose headers   connection: 'keep-alive',
159 verbose headers   'set-cookie':
159 verbose headers    [ '__cfduid=dbbd922b40a94a10fa4c4779d887c05881545135978; expires=Wed, 18-Dec-19 12:26:18 GMT; path=/; domain=.registry.npmjs.org; HttpOnly' ],
159 verbose headers   'cf-cache-status': 'HIT',
159 verbose headers   'cache-control': 'max-age=300',
159 verbose headers   'cf-ray': '48b19dfadfee8a85-BOM',
159 verbose headers   etag: 'W/"17682c484328abcd2ddf27bad35a86eb"',
159 verbose headers   'expect-ct': 'max-age=604800, report-uri="https://report-uri.cloudflare.com/cdn-cgi/beacon/expect-ct"',
159 verbose headers   'last-modified': 'Sat, 26 May 2018 22:51:16 GMT',
159 verbose headers   vary: 'accept-encoding, accept',
159 verbose headers   server: 'cloudflare',
159 verbose headers   'content-encoding': 'gzip' }
160 silly get cb [ 200,
160 silly get   { date: 'Tue, 18 Dec 2018 12:26:18 GMT',
160 silly get     'content-type': 'application/json; charset=UTF-8',
160 silly get     'transfer-encoding': 'chunked',
160 silly get     connection: 'keep-alive',
160 silly get     'set-cookie':
160 silly get      [ '__cfduid=dbbd922b40a94a10fa4c4779d887c05881545135978; expires=Wed, 18-Dec-19 12:26:18 GMT; path=/; domain=.registry.npmjs.org; HttpOnly' ],
160 silly get     'cf-cache-status': 'HIT',
160 silly get     'cache-control': 'max-age=300',
160 silly get     'cf-ray': '48b19dfadfee8a85-BOM',
160 silly get     etag: 'W/"17682c484328abcd2ddf27bad35a86eb"',
160 silly get     'expect-ct': 'max-age=604800, report-uri="https://report-uri.cloudflare.com/cdn-cgi/beacon/expect-ct"',
160 silly get     'last-modified': 'Sat, 26 May 2018 22:51:16 GMT',
160 silly get     vary: 'accept-encoding, accept',
160 silly get     server: 'cloudflare',
160 silly get     'content-encoding': 'gzip' } ]
161 verbose get saving ejs to /home/d3/.npm/registry.npmjs.org/ejs/.cache.json
162 silly resolveWithNewModule ejs@2.5.7 checking installable status
163 silly cache add args [ 'ejs@2.5.7', null ]
164 verbose cache add spec ejs@2.5.7
165 silly cache add parsed spec Result {
165 silly cache add   raw: 'ejs@2.5.7',
165 silly cache add   scope: null,
165 silly cache add   name: 'ejs',
165 silly cache add   rawSpec: '2.5.7',
165 silly cache add   spec: '2.5.7',
165 silly cache add   type: 'version' }
166 silly addNamed ejs@2.5.7
167 verbose addNamed "2.5.7" is a plain semver version for ejs
168 silly mapToRegistry name ejs
169 silly mapToRegistry using default registry
170 silly mapToRegistry registry https://registry.npmjs.org/
171 silly mapToRegistry uri https://registry.npmjs.org/ejs
172 verbose addNameVersion registry:https://registry.npmjs.org/ejs not in flight; fetching
173 verbose get https://registry.npmjs.org/ejs not expired, no request
174 silly mapToRegistry name ejs
175 silly mapToRegistry using default registry
176 silly mapToRegistry registry https://registry.npmjs.org/
177 silly mapToRegistry uri https://registry.npmjs.org/ejs
178 verbose addRemoteTarball https://registry.npmjs.org/ejs/-/ejs-2.5.7.tgz not in flight; adding
179 verbose addRemoteTarball [ 'https://registry.npmjs.org/ejs/-/ejs-2.5.7.tgz',
179 verbose addRemoteTarball   'cc872c168880ae3c7189762fd5ffc00896c9518a' ]
180 info retry fetch attempt 1 at 6:01:20 PM
181 info attempt registry request try #1 at 6:01:20 PM
182 http fetch GET https://registry.npmjs.org/ejs/-/ejs-2.5.7.tgz
183 http fetch 200 https://registry.npmjs.org/sorted-object/-/sorted-object-2.0.1.tgz
184 silly fetchAndShaCheck shasum 7d631f4bd3a798a24af1dffcfbfe83337a5df5fc
185 verbose addTmpTarball /tmp/npm-25272-520f8789/registry.npmjs.org/sorted-object/-/sorted-object-2.0.1.tgz not in flight; adding
186 verbose addTmpTarball already have metadata; skipping unpack for sorted-object@2.0.1
187 silly cache afterAdd sorted-object@2.0.1
188 verbose afterAdd /home/d3/.npm/sorted-object/2.0.1/package/package.json not in flight; writing
189 verbose afterAdd /home/d3/.npm/sorted-object/2.0.1/package/package.json written
190 http 200 https://registry.npmjs.org/mkdirp
191 verbose headers { date: 'Tue, 18 Dec 2018 12:26:18 GMT',
191 verbose headers   'content-type': 'application/octet-stream',
191 verbose headers   'content-length': '27046',
191 verbose headers   connection: 'keep-alive',
191 verbose headers   'set-cookie':
191 verbose headers    [ '__cfduid=d26d5e6e7110f1f24403e2a963510a5931545135978; expires=Wed, 18-Dec-19 12:26:18 GMT; path=/; domain=.registry.npmjs.org; HttpOnly' ],
191 verbose headers   'cf-cache-status': 'HIT',
191 verbose headers   'cache-control': 'max-age=300',
191 verbose headers   'accept-ranges': 'bytes',
191 verbose headers   'cf-ray': '48b19dfadf008a7f-BOM',
191 verbose headers   etag: '"19ec0f65707a7bfc280c1ea2987930d8"',
191 verbose headers   'expect-ct': 'max-age=604800, report-uri="https://report-uri.cloudflare.com/cdn-cgi/beacon/expect-ct"',
191 verbose headers   'last-modified': 'Wed, 29 Aug 2018 02:22:27 GMT',
191 verbose headers   vary: 'accept-encoding, accept',
191 verbose headers   'x-amz-meta-rev': '446-c68b572886c7d6646d7ac814de0b9783',
191 verbose headers   server: 'cloudflare' }
192 silly get cb [ 200,
192 silly get   { date: 'Tue, 18 Dec 2018 12:26:18 GMT',
192 silly get     'content-type': 'application/octet-stream',
192 silly get     'content-length': '27046',
192 silly get     connection: 'keep-alive',
192 silly get     'set-cookie':
192 silly get      [ '__cfduid=d26d5e6e7110f1f24403e2a963510a5931545135978; expires=Wed, 18-Dec-19 12:26:18 GMT; path=/; domain=.registry.npmjs.org; HttpOnly' ],
192 silly get     'cf-cache-status': 'HIT',
192 silly get     'cache-control': 'max-age=300',
192 silly get     'accept-ranges': 'bytes',
192 silly get     'cf-ray': '48b19dfadf008a7f-BOM',
192 silly get     etag: '"19ec0f65707a7bfc280c1ea2987930d8"',
192 silly get     'expect-ct': 'max-age=604800, report-uri="https://report-uri.cloudflare.com/cdn-cgi/beacon/expect-ct"',
192 silly get     'last-modified': 'Wed, 29 Aug 2018 02:22:27 GMT',
192 silly get     vary: 'accept-encoding, accept',
192 silly get     'x-amz-meta-rev': '446-c68b572886c7d6646d7ac814de0b9783',
192 silly get     server: 'cloudflare' } ]
193 verbose get saving mkdirp to /home/d3/.npm/registry.npmjs.org/mkdirp/.cache.json
194 http fetch 200 https://registry.npmjs.org/ejs/-/ejs-2.5.7.tgz
195 silly resolveWithNewModule mkdirp@0.5.1 checking installable status
196 silly cache add args [ 'mkdirp@0.5.1', null ]
197 verbose cache add spec mkdirp@0.5.1
198 silly cache add parsed spec Result {
198 silly cache add   raw: 'mkdirp@0.5.1',
198 silly cache add   scope: null,
198 silly cache add   name: 'mkdirp',
198 silly cache add   rawSpec: '0.5.1',
198 silly cache add   spec: '0.5.1',
198 silly cache add   type: 'version' }
199 silly addNamed mkdirp@0.5.1
200 verbose addNamed "0.5.1" is a plain semver version for mkdirp
201 silly mapToRegistry name mkdirp
202 silly mapToRegistry using default registry
203 silly mapToRegistry registry https://registry.npmjs.org/
204 silly mapToRegistry uri https://registry.npmjs.org/mkdirp
205 verbose addNameVersion registry:https://registry.npmjs.org/mkdirp not in flight; fetching
206 verbose get https://registry.npmjs.org/mkdirp not expired, no request
207 silly mapToRegistry name mkdirp
208 silly mapToRegistry using default registry
209 silly mapToRegistry registry https://registry.npmjs.org/
210 silly mapToRegistry uri https://registry.npmjs.org/mkdirp
211 verbose addRemoteTarball https://registry.npmjs.org/mkdirp/-/mkdirp-0.5.1.tgz not in flight; adding
212 verbose addRemoteTarball [ 'https://registry.npmjs.org/mkdirp/-/mkdirp-0.5.1.tgz',
212 verbose addRemoteTarball   '30057438eac6cf7f8c4767f38648d6697d75c903' ]
213 info retry fetch attempt 1 at 6:01:20 PM
214 info attempt registry request try #1 at 6:01:20 PM
215 http fetch GET https://registry.npmjs.org/mkdirp/-/mkdirp-0.5.1.tgz
216 silly fetchAndShaCheck shasum cc872c168880ae3c7189762fd5ffc00896c9518a
217 verbose addTmpTarball /tmp/npm-25272-520f8789/registry.npmjs.org/ejs/-/ejs-2.5.7.tgz not in flight; adding
218 verbose addTmpTarball already have metadata; skipping unpack for ejs@2.5.7
219 silly cache afterAdd ejs@2.5.7
220 verbose afterAdd /home/d3/.npm/ejs/2.5.7/package/package.json not in flight; writing
221 verbose afterAdd /home/d3/.npm/ejs/2.5.7/package/package.json written
222 http fetch 200 https://registry.npmjs.org/mkdirp/-/mkdirp-0.5.1.tgz
223 silly fetchAndShaCheck shasum 30057438eac6cf7f8c4767f38648d6697d75c903
224 verbose addTmpTarball /tmp/npm-25272-520f8789/registry.npmjs.org/mkdirp/-/mkdirp-0.5.1.tgz not in flight; adding
225 verbose addTmpTarball already have metadata; skipping unpack for mkdirp@0.5.1
226 silly cache afterAdd mkdirp@0.5.1
227 verbose afterAdd /home/d3/.npm/mkdirp/0.5.1/package/package.json not in flight; writing
228 verbose afterAdd /home/d3/.npm/mkdirp/0.5.1/package/package.json written
229 http 200 https://registry.npmjs.org/commander
230 verbose headers { date: 'Tue, 18 Dec 2018 12:26:18 GMT',
230 verbose headers   'content-type': 'application/json',
230 verbose headers   'transfer-encoding': 'chunked',
230 verbose headers   connection: 'keep-alive',
230 verbose headers   'set-cookie':
230 verbose headers    [ '__cfduid=dd0471adc7f9047f495fbb7b31896c78c1545135978; expires=Wed, 18-Dec-19 12:26:18 GMT; path=/; domain=.registry.npmjs.org; HttpOnly' ],
230 verbose headers   'cf-cache-status': 'HIT',
230 verbose headers   'cache-control': 'max-age=300',
230 verbose headers   'cf-ray': '48b19dfa7c078aa9-BOM',
230 verbose headers   etag: 'W/"88d6739e495c6316f90ffd5547b5d535"',
230 verbose headers   'expect-ct': 'max-age=604800, report-uri="https://report-uri.cloudflare.com/cdn-cgi/beacon/expect-ct"',
230 verbose headers   'last-modified': 'Mon, 08 Oct 2018 21:51:18 GMT',
230 verbose headers   vary: 'accept-encoding, accept',
230 verbose headers   'x-amz-meta-rev': '1315-86097ba9d23459ecf22ca91f1442f790',
230 verbose headers   server: 'cloudflare',
230 verbose headers   'content-encoding': 'gzip' }
231 silly get cb [ 200,
231 silly get   { date: 'Tue, 18 Dec 2018 12:26:18 GMT',
231 silly get     'content-type': 'application/json',
231 silly get     'transfer-encoding': 'chunked',
231 silly get     connection: 'keep-alive',
231 silly get     'set-cookie':
231 silly get      [ '__cfduid=dd0471adc7f9047f495fbb7b31896c78c1545135978; expires=Wed, 18-Dec-19 12:26:18 GMT; path=/; domain=.registry.npmjs.org; HttpOnly' ],
231 silly get     'cf-cache-status': 'HIT',
231 silly get     'cache-control': 'max-age=300',
231 silly get     'cf-ray': '48b19dfa7c078aa9-BOM',
231 silly get     etag: 'W/"88d6739e495c6316f90ffd5547b5d535"',
231 silly get     'expect-ct': 'max-age=604800, report-uri="https://report-uri.cloudflare.com/cdn-cgi/beacon/expect-ct"',
231 silly get     'last-modified': 'Mon, 08 Oct 2018 21:51:18 GMT',
231 silly get     vary: 'accept-encoding, accept',
231 silly get     'x-amz-meta-rev': '1315-86097ba9d23459ecf22ca91f1442f790',
231 silly get     server: 'cloudflare',
231 silly get     'content-encoding': 'gzip' } ]
232 verbose get saving commander to /home/d3/.npm/registry.npmjs.org/commander/.cache.json
233 silly resolveWithNewModule commander@2.13.0 checking installable status
234 silly cache add args [ 'commander@2.13.0', null ]
235 verbose cache add spec commander@2.13.0
236 silly cache add parsed spec Result {
236 silly cache add   raw: 'commander@2.13.0',
236 silly cache add   scope: null,
236 silly cache add   name: 'commander',
236 silly cache add   rawSpec: '2.13.0',
236 silly cache add   spec: '2.13.0',
236 silly cache add   type: 'version' }
237 silly addNamed commander@2.13.0
238 verbose addNamed "2.13.0" is a plain semver version for commander
239 silly mapToRegistry name commander
240 silly mapToRegistry using default registry
241 silly mapToRegistry registry https://registry.npmjs.org/
242 silly mapToRegistry uri https://registry.npmjs.org/commander
243 verbose addNameVersion registry:https://registry.npmjs.org/commander not in flight; fetching
244 verbose get https://registry.npmjs.org/commander not expired, no request
245 silly mapToRegistry name commander
246 silly mapToRegistry using default registry
247 silly mapToRegistry registry https://registry.npmjs.org/
248 silly mapToRegistry uri https://registry.npmjs.org/commander
249 verbose addRemoteTarball https://registry.npmjs.org/commander/-/commander-2.13.0.tgz not in flight; adding
250 verbose addRemoteTarball [ 'https://registry.npmjs.org/commander/-/commander-2.13.0.tgz',
250 verbose addRemoteTarball   '6964bca67685df7c1f1430c584f07d7597885b9c' ]
251 info retry fetch attempt 1 at 6:01:21 PM
252 info attempt registry request try #1 at 6:01:21 PM
253 http fetch GET https://registry.npmjs.org/commander/-/commander-2.13.0.tgz
254 http fetch 200 https://registry.npmjs.org/commander/-/commander-2.13.0.tgz
255 silly fetchAndShaCheck shasum 6964bca67685df7c1f1430c584f07d7597885b9c
256 verbose addTmpTarball /tmp/npm-25272-520f8789/registry.npmjs.org/commander/-/commander-2.13.0.tgz not in flight; adding
257 verbose addTmpTarball already have metadata; skipping unpack for commander@2.13.0
258 silly cache afterAdd commander@2.13.0
259 verbose afterAdd /home/d3/.npm/commander/2.13.0/package/package.json not in flight; writing
260 verbose afterAdd /home/d3/.npm/commander/2.13.0/package/package.json written
261 silly fetchNamedPackageData brace-expansion
262 silly mapToRegistry name brace-expansion
263 silly mapToRegistry using default registry
264 silly mapToRegistry registry https://registry.npmjs.org/
265 silly mapToRegistry uri https://registry.npmjs.org/brace-expansion
266 verbose request uri https://registry.npmjs.org/brace-expansion
267 verbose request no auth needed
268 info attempt registry request try #1 at 6:01:21 PM
269 verbose etag W/"e1bb7280c24dff102c3475d67515cff5"
270 verbose lastModified Sat, 26 May 2018 18:55:42 GMT
271 http request GET https://registry.npmjs.org/brace-expansion
272 http 304 https://registry.npmjs.org/brace-expansion
273 verbose headers { date: 'Tue, 18 Dec 2018 12:26:19 GMT',
273 verbose headers   connection: 'keep-alive',
273 verbose headers   'set-cookie':
273 verbose headers    [ '__cfduid=d3186cc3e06b9073783834affbd879b041545135979; expires=Wed, 18-Dec-19 12:26:19 GMT; path=/; domain=.registry.npmjs.org; HttpOnly' ],
273 verbose headers   'cf-cache-status': 'HIT',
273 verbose headers   'cache-control': 'max-age=300',
273 verbose headers   'cf-ray': '48b19dfe7b488a7f-BOM',
273 verbose headers   etag: '"e1bb7280c24dff102c3475d67515cff5"',
273 verbose headers   'expect-ct': 'max-age=604800, report-uri="https://report-uri.cloudflare.com/cdn-cgi/beacon/expect-ct"',
273 verbose headers   'last-modified': 'Sat, 26 May 2018 18:55:42 GMT',
273 verbose headers   vary: 'accept-encoding, accept',
273 verbose headers   server: 'cloudflare' }
274 silly get cb [ 304,
274 silly get   { date: 'Tue, 18 Dec 2018 12:26:19 GMT',
274 silly get     connection: 'keep-alive',
274 silly get     'set-cookie':
274 silly get      [ '__cfduid=d3186cc3e06b9073783834affbd879b041545135979; expires=Wed, 18-Dec-19 12:26:19 GMT; path=/; domain=.registry.npmjs.org; HttpOnly' ],
274 silly get     'cf-cache-status': 'HIT',
274 silly get     'cache-control': 'max-age=300',
274 silly get     'cf-ray': '48b19dfe7b488a7f-BOM',
274 silly get     etag: '"e1bb7280c24dff102c3475d67515cff5"',
274 silly get     'expect-ct': 'max-age=604800, report-uri="https://report-uri.cloudflare.com/cdn-cgi/beacon/expect-ct"',
274 silly get     'last-modified': 'Sat, 26 May 2018 18:55:42 GMT',
274 silly get     vary: 'accept-encoding, accept',
274 silly get     server: 'cloudflare' } ]
275 verbose etag https://registry.npmjs.org/brace-expansion from cache
276 verbose get saving brace-expansion to /home/d3/.npm/registry.npmjs.org/brace-expansion/.cache.json
277 silly resolveWithNewModule brace-expansion@1.1.11 checking installable status
278 silly cache add args [ 'brace-expansion@^1.1.7', null ]
279 verbose cache add spec brace-expansion@^1.1.7
280 silly cache add parsed spec Result {
280 silly cache add   raw: 'brace-expansion@^1.1.7',
280 silly cache add   scope: null,
280 silly cache add   name: 'brace-expansion',
280 silly cache add   rawSpec: '^1.1.7',
280 silly cache add   spec: '>=1.1.7 <2.0.0',
280 silly cache add   type: 'range' }
281 silly addNamed brace-expansion@>=1.1.7 <2.0.0
282 verbose addNamed ">=1.1.7 <2.0.0" is a valid semver range for brace-expansion
283 silly addNameRange { name: 'brace-expansion',
283 silly addNameRange   range: '>=1.1.7 <2.0.0',
283 silly addNameRange   hasData: false }
284 silly mapToRegistry name brace-expansion
285 silly mapToRegistry using default registry
286 silly mapToRegistry registry https://registry.npmjs.org/
287 silly mapToRegistry uri https://registry.npmjs.org/brace-expansion
288 verbose addNameRange registry:https://registry.npmjs.org/brace-expansion not in flight; fetching
289 verbose get https://registry.npmjs.org/brace-expansion not expired, no request
290 silly addNameRange number 2 { name: 'brace-expansion',
290 silly addNameRange   range: '>=1.1.7 <2.0.0',
290 silly addNameRange   hasData: true }
291 silly addNameRange versions [ 'brace-expansion',
291 silly addNameRange   [ '0.0.0',
291 silly addNameRange     '1.0.0',
291 silly addNameRange     '1.0.1',
291 silly addNameRange     '1.1.0',
291 silly addNameRange     '1.1.1',
291 silly addNameRange     '1.1.2',
291 silly addNameRange     '1.1.3',
291 silly addNameRange     '1.1.4',
291 silly addNameRange     '1.1.5',
291 silly addNameRange     '1.1.6',
291 silly addNameRange     '1.1.7',
291 silly addNameRange     '1.1.8',
291 silly addNameRange     '1.1.9',
291 silly addNameRange     '1.1.10',
291 silly addNameRange     '1.1.11' ] ]
292 silly addNamed brace-expansion@1.1.11
293 verbose addNamed "1.1.11" is a plain semver version for brace-expansion
294 silly cache afterAdd brace-expansion@1.1.11
295 verbose afterAdd /home/d3/.npm/brace-expansion/1.1.11/package/package.json not in flight; writing
296 verbose afterAdd /home/d3/.npm/brace-expansion/1.1.11/package/package.json written
297 silly fetchNamedPackageData balanced-match
298 silly mapToRegistry name balanced-match
299 silly mapToRegistry using default registry
300 silly mapToRegistry registry https://registry.npmjs.org/
301 silly mapToRegistry uri https://registry.npmjs.org/balanced-match
302 silly fetchNamedPackageData concat-map
303 silly mapToRegistry name concat-map
304 silly mapToRegistry using default registry
305 silly mapToRegistry registry https://registry.npmjs.org/
306 silly mapToRegistry uri https://registry.npmjs.org/concat-map
307 verbose request uri https://registry.npmjs.org/balanced-match
308 verbose request no auth needed
309 info attempt registry request try #1 at 6:01:21 PM
310 verbose etag W/"768eec147806bc710f6b097c6384abbf"
311 verbose lastModified Sat, 26 May 2018 18:06:43 GMT
312 http request GET https://registry.npmjs.org/balanced-match
313 verbose request uri https://registry.npmjs.org/concat-map
314 verbose request no auth needed
315 info attempt registry request try #1 at 6:01:21 PM
316 verbose etag W/"94c413d99b46c784f563e6153e58a1d4"
317 verbose lastModified Sat, 26 May 2018 20:40:55 GMT
318 http request GET https://registry.npmjs.org/concat-map
319 http 304 https://registry.npmjs.org/concat-map
320 verbose headers { date: 'Tue, 18 Dec 2018 12:26:19 GMT',
320 verbose headers   connection: 'keep-alive',
320 verbose headers   'set-cookie':
320 verbose headers    [ '__cfduid=d0b06a576098a6429e9ac6db0dae126031545135979; expires=Wed, 18-Dec-19 12:26:19 GMT; path=/; domain=.registry.npmjs.org; HttpOnly' ],
320 verbose headers   'cf-cache-status': 'HIT',
320 verbose headers   'cache-control': 'max-age=300',
320 verbose headers   'cf-ray': '48b19dfedc3a8a85-BOM',
320 verbose headers   etag: '"94c413d99b46c784f563e6153e58a1d4"',
320 verbose headers   'expect-ct': 'max-age=604800, report-uri="https://report-uri.cloudflare.com/cdn-cgi/beacon/expect-ct"',
320 verbose headers   'last-modified': 'Sat, 26 May 2018 20:40:55 GMT',
320 verbose headers   vary: 'accept-encoding, accept',
320 verbose headers   server: 'cloudflare' }
321 silly get cb [ 304,
321 silly get   { date: 'Tue, 18 Dec 2018 12:26:19 GMT',
321 silly get     connection: 'keep-alive',
321 silly get     'set-cookie':
321 silly get      [ '__cfduid=d0b06a576098a6429e9ac6db0dae126031545135979; expires=Wed, 18-Dec-19 12:26:19 GMT; path=/; domain=.registry.npmjs.org; HttpOnly' ],
321 silly get     'cf-cache-status': 'HIT',
321 silly get     'cache-control': 'max-age=300',
321 silly get     'cf-ray': '48b19dfedc3a8a85-BOM',
321 silly get     etag: '"94c413d99b46c784f563e6153e58a1d4"',
321 silly get     'expect-ct': 'max-age=604800, report-uri="https://report-uri.cloudflare.com/cdn-cgi/beacon/expect-ct"',
321 silly get     'last-modified': 'Sat, 26 May 2018 20:40:55 GMT',
321 silly get     vary: 'accept-encoding, accept',
321 silly get     server: 'cloudflare' } ]
322 verbose etag https://registry.npmjs.org/concat-map from cache
323 verbose get saving concat-map to /home/d3/.npm/registry.npmjs.org/concat-map/.cache.json
324 silly resolveWithNewModule concat-map@0.0.1 checking installable status
325 silly cache add args [ 'concat-map@0.0.1', null ]
326 verbose cache add spec concat-map@0.0.1
327 silly cache add parsed spec Result {
327 silly cache add   raw: 'concat-map@0.0.1',
327 silly cache add   scope: null,
327 silly cache add   name: 'concat-map',
327 silly cache add   rawSpec: '0.0.1',
327 silly cache add   spec: '0.0.1',
327 silly cache add   type: 'version' }
328 silly addNamed concat-map@0.0.1
329 verbose addNamed "0.0.1" is a plain semver version for concat-map
330 silly mapToRegistry name concat-map
331 silly mapToRegistry using default registry
332 silly mapToRegistry registry https://registry.npmjs.org/
333 silly mapToRegistry uri https://registry.npmjs.org/concat-map
334 verbose addNameVersion registry:https://registry.npmjs.org/concat-map not in flight; fetching
335 verbose get https://registry.npmjs.org/concat-map not expired, no request
336 silly cache afterAdd concat-map@0.0.1
337 verbose afterAdd /home/d3/.npm/concat-map/0.0.1/package/package.json not in flight; writing
338 http 304 https://registry.npmjs.org/balanced-match
339 verbose headers { date: 'Tue, 18 Dec 2018 12:26:19 GMT',
339 verbose headers   connection: 'keep-alive',
339 verbose headers   'set-cookie':
339 verbose headers    [ '__cfduid=d9ec468669435094284f87e01800495331545135979; expires=Wed, 18-Dec-19 12:26:19 GMT; path=/; domain=.registry.npmjs.org; HttpOnly' ],
339 verbose headers   'cf-cache-status': 'HIT',
339 verbose headers   'cache-control': 'max-age=300',
339 verbose headers   'cf-ray': '48b19dfedea48a6d-BOM',
339 verbose headers   etag: '"768eec147806bc710f6b097c6384abbf"',
339 verbose headers   'expect-ct': 'max-age=604800, report-uri="https://report-uri.cloudflare.com/cdn-cgi/beacon/expect-ct"',
339 verbose headers   'last-modified': 'Sat, 26 May 2018 18:06:43 GMT',
339 verbose headers   vary: 'accept-encoding, accept',
339 verbose headers   server: 'cloudflare' }
340 silly get cb [ 304,
340 silly get   { date: 'Tue, 18 Dec 2018 12:26:19 GMT',
340 silly get     connection: 'keep-alive',
340 silly get     'set-cookie':
340 silly get      [ '__cfduid=d9ec468669435094284f87e01800495331545135979; expires=Wed, 18-Dec-19 12:26:19 GMT; path=/; domain=.registry.npmjs.org; HttpOnly' ],
340 silly get     'cf-cache-status': 'HIT',
340 silly get     'cache-control': 'max-age=300',
340 silly get     'cf-ray': '48b19dfedea48a6d-BOM',
340 silly get     etag: '"768eec147806bc710f6b097c6384abbf"',
340 silly get     'expect-ct': 'max-age=604800, report-uri="https://report-uri.cloudflare.com/cdn-cgi/beacon/expect-ct"',
340 silly get     'last-modified': 'Sat, 26 May 2018 18:06:43 GMT',
340 silly get     vary: 'accept-encoding, accept',
340 silly get     server: 'cloudflare' } ]
341 verbose etag https://registry.npmjs.org/balanced-match from cache
342 verbose get saving balanced-match to /home/d3/.npm/registry.npmjs.org/balanced-match/.cache.json
343 verbose afterAdd /home/d3/.npm/concat-map/0.0.1/package/package.json written
344 silly resolveWithNewModule balanced-match@1.0.0 checking installable status
345 silly cache add args [ 'balanced-match@^1.0.0', null ]
346 verbose cache add spec balanced-match@^1.0.0
347 silly cache add parsed spec Result {
347 silly cache add   raw: 'balanced-match@^1.0.0',
347 silly cache add   scope: null,
347 silly cache add   name: 'balanced-match',
347 silly cache add   rawSpec: '^1.0.0',
347 silly cache add   spec: '>=1.0.0 <2.0.0',
347 silly cache add   type: 'range' }
348 silly addNamed balanced-match@>=1.0.0 <2.0.0
349 verbose addNamed ">=1.0.0 <2.0.0" is a valid semver range for balanced-match
350 silly addNameRange { name: 'balanced-match',
350 silly addNameRange   range: '>=1.0.0 <2.0.0',
350 silly addNameRange   hasData: false }
351 silly mapToRegistry name balanced-match
352 silly mapToRegistry using default registry
353 silly mapToRegistry registry https://registry.npmjs.org/
354 silly mapToRegistry uri https://registry.npmjs.org/balanced-match
355 verbose addNameRange registry:https://registry.npmjs.org/balanced-match not in flight; fetching
356 verbose get https://registry.npmjs.org/balanced-match not expired, no request
357 silly addNameRange number 2 { name: 'balanced-match',
357 silly addNameRange   range: '>=1.0.0 <2.0.0',
357 silly addNameRange   hasData: true }
358 silly addNameRange versions [ 'balanced-match',
358 silly addNameRange   [ '0.0.0',
358 silly addNameRange     '0.0.1',
358 silly addNameRange     '0.1.0',
358 silly addNameRange     '0.2.0',
358 silly addNameRange     '0.2.1',
358 silly addNameRange     '0.3.0',
358 silly addNameRange     '0.4.0',
358 silly addNameRange     '0.4.1',
358 silly addNameRange     '0.4.2',
358 silly addNameRange     '1.0.0' ] ]
359 silly addNamed balanced-match@1.0.0
360 verbose addNamed "1.0.0" is a plain semver version for balanced-match
361 silly cache afterAdd balanced-match@1.0.0
362 verbose afterAdd /home/d3/.npm/balanced-match/1.0.0/package/package.json not in flight; writing
363 verbose afterAdd /home/d3/.npm/balanced-match/1.0.0/package/package.json written
364 silly fetchNamedPackageData minimist
365 silly mapToRegistry name minimist
366 silly mapToRegistry using default registry
367 silly mapToRegistry registry https://registry.npmjs.org/
368 silly mapToRegistry uri https://registry.npmjs.org/minimist
369 verbose request uri https://registry.npmjs.org/minimist
370 verbose request no auth needed
371 info attempt registry request try #1 at 6:01:21 PM
372 verbose etag W/"7d55e0b2272593789eb672d2ee231421"
373 verbose lastModified Thu, 27 Sep 2018 08:51:15 GMT
374 http request GET https://registry.npmjs.org/minimist
375 http 304 https://registry.npmjs.org/minimist
376 verbose headers { date: 'Tue, 18 Dec 2018 12:26:19 GMT',
376 verbose headers   connection: 'keep-alive',
376 verbose headers   'set-cookie':
376 verbose headers    [ '__cfduid=da03e286b275f3e4333d987a8c4cd23bb1545135979; expires=Wed, 18-Dec-19 12:26:19 GMT; path=/; domain=.registry.npmjs.org; HttpOnly' ],
376 verbose headers   'cf-cache-status': 'HIT',
376 verbose headers   'cache-control': 'max-age=300',
376 verbose headers   'cf-ray': '48b19dff39498aa9-BOM',
376 verbose headers   etag: '"7d55e0b2272593789eb672d2ee231421"',
376 verbose headers   'expect-ct': 'max-age=604800, report-uri="https://report-uri.cloudflare.com/cdn-cgi/beacon/expect-ct"',
376 verbose headers   'last-modified': 'Thu, 27 Sep 2018 08:51:15 GMT',
376 verbose headers   vary: 'accept-encoding, accept',
376 verbose headers   'x-amz-meta-rev': '552-74643d5de0aa7b335a0397f4286df41b',
376 verbose headers   server: 'cloudflare' }
377 silly get cb [ 304,
377 silly get   { date: 'Tue, 18 Dec 2018 12:26:19 GMT',
377 silly get     connection: 'keep-alive',
377 silly get     'set-cookie':
377 silly get      [ '__cfduid=da03e286b275f3e4333d987a8c4cd23bb1545135979; expires=Wed, 18-Dec-19 12:26:19 GMT; path=/; domain=.registry.npmjs.org; HttpOnly' ],
377 silly get     'cf-cache-status': 'HIT',
377 silly get     'cache-control': 'max-age=300',
377 silly get     'cf-ray': '48b19dff39498aa9-BOM',
377 silly get     etag: '"7d55e0b2272593789eb672d2ee231421"',
377 silly get     'expect-ct': 'max-age=604800, report-uri="https://report-uri.cloudflare.com/cdn-cgi/beacon/expect-ct"',
377 silly get     'last-modified': 'Thu, 27 Sep 2018 08:51:15 GMT',
377 silly get     vary: 'accept-encoding, accept',
377 silly get     'x-amz-meta-rev': '552-74643d5de0aa7b335a0397f4286df41b',
377 silly get     server: 'cloudflare' } ]
378 verbose etag https://registry.npmjs.org/minimist from cache
379 verbose get saving minimist to /home/d3/.npm/registry.npmjs.org/minimist/.cache.json
380 silly resolveWithNewModule minimist@0.0.8 checking installable status
381 silly cache add args [ 'minimist@0.0.8', null ]
382 verbose cache add spec minimist@0.0.8
383 silly cache add parsed spec Result {
383 silly cache add   raw: 'minimist@0.0.8',
383 silly cache add   scope: null,
383 silly cache add   name: 'minimist',
383 silly cache add   rawSpec: '0.0.8',
383 silly cache add   spec: '0.0.8',
383 silly cache add   type: 'version' }
384 silly addNamed minimist@0.0.8
385 verbose addNamed "0.0.8" is a plain semver version for minimist
386 silly mapToRegistry name minimist
387 silly mapToRegistry using default registry
388 silly mapToRegistry registry https://registry.npmjs.org/
389 silly mapToRegistry uri https://registry.npmjs.org/minimist
390 verbose addNameVersion registry:https://registry.npmjs.org/minimist not in flight; fetching
391 verbose get https://registry.npmjs.org/minimist not expired, no request
392 silly mapToRegistry name minimist
393 silly mapToRegistry using default registry
394 silly mapToRegistry registry https://registry.npmjs.org/
395 silly mapToRegistry uri https://registry.npmjs.org/minimist
396 verbose addRemoteTarball https://registry.npmjs.org/minimist/-/minimist-0.0.8.tgz not in flight; adding
397 verbose addRemoteTarball [ 'https://registry.npmjs.org/minimist/-/minimist-0.0.8.tgz',
397 verbose addRemoteTarball   '857fcabfc3397d2625b8228262e86aa7a011b05d' ]
398 info retry fetch attempt 1 at 6:01:21 PM
399 info attempt registry request try #1 at 6:01:21 PM
400 http fetch GET https://registry.npmjs.org/minimist/-/minimist-0.0.8.tgz
401 http fetch 200 https://registry.npmjs.org/minimist/-/minimist-0.0.8.tgz
402 silly fetchAndShaCheck shasum 857fcabfc3397d2625b8228262e86aa7a011b05d
403 verbose addTmpTarball /tmp/npm-25272-520f8789/registry.npmjs.org/minimist/-/minimist-0.0.8.tgz not in flight; adding
404 verbose addTmpTarball already have metadata; skipping unpack for minimist@0.0.8
405 silly cache afterAdd minimist@0.0.8
406 verbose afterAdd /home/d3/.npm/minimist/0.0.8/package/package.json not in flight; writing
407 verbose afterAdd /home/d3/.npm/minimist/0.0.8/package/package.json written
408 silly loadAllDepsIntoIdealTree Finishing
409 silly idealTree:prePrune lib
409 silly idealTree:prePrune `-- express-generator@4.16.0
409 silly idealTree:prePrune   +-- balanced-match@1.0.0
409 silly idealTree:prePrune   +-- brace-expansion@1.1.11
409 silly idealTree:prePrune   +-- commander@2.13.0
409 silly idealTree:prePrune   +-- concat-map@0.0.1
409 silly idealTree:prePrune   +-- ejs@2.5.7
409 silly idealTree:prePrune   +-- minimatch@3.0.4
409 silly idealTree:prePrune   +-- minimist@0.0.8
409 silly idealTree:prePrune   +-- mkdirp@0.5.1
409 silly idealTree:prePrune   `-- sorted-object@2.0.1
410 silly loadIdealTree Finishing
411 silly currentTree lib
412 silly idealTree lib
412 silly idealTree `-- express-generator@4.16.0
412 silly idealTree   +-- balanced-match@1.0.0
412 silly idealTree   +-- brace-expansion@1.1.11
412 silly idealTree   +-- commander@2.13.0
412 silly idealTree   +-- concat-map@0.0.1
412 silly idealTree   +-- ejs@2.5.7
412 silly idealTree   +-- minimatch@3.0.4
412 silly idealTree   +-- minimist@0.0.8
412 silly idealTree   +-- mkdirp@0.5.1
412 silly idealTree   `-- sorted-object@2.0.1
413 silly generateActionsToTake Starting
414 silly install generateActionsToTake
415 warn checkPermissions Missing write access to /usr/local/lib
416 silly rollbackFailedOptional Starting
417 silly rollbackFailedOptional Finishing
418 silly runTopLevelLifecycles Starting
419 silly runTopLevelLifecycles Finishing
420 silly install printInstalled
421 verbose stack Error: EACCES: permission denied, access '/usr/local/lib'
422 verbose cwd /home/d3/Desktop/node-website
423 error Linux 4.15.0-39-generic
424 error argv "/usr/bin/node" "/usr/bin/npm" "install" "express-generator" "-g"
425 error node v8.10.0
426 error npm  v3.5.2
427 error path /usr/local/lib
428 error code EACCES
429 error errno -13
430 error syscall access
431 error Error: EACCES: permission denied, access '/usr/local/lib'
431 error  { Error: EACCES: permission denied, access '/usr/local/lib'
431 error   errno: -13,
431 error   code: 'EACCES',
431 error   syscall: 'access',
431 error   path: '/usr/local/lib' }
432 error Please try running this command again as root/Administrator.
433 verbose exit [ -13, true ]
